0 info it worked if it ends with ok
1 verbose cli [ '/usr/local/bin/node',
1 verbose cli   '/usr/local/bin/npm',
1 verbose cli   'run',
1 verbose cli   'start:prod' ]
2 info using npm@3.8.9
3 info using node@v6.2.0
4 verbose run-script [ 'prestart:prod', 'start:prod', 'poststart:prod' ]
5 info lifecycle @raininglemons/react-infinity-grid@0.0.7~prestart:prod: @raininglemons/react-infinity-grid@0.0.7
6 silly lifecycle @raininglemons/react-infinity-grid@0.0.7~prestart:prod: no script for prestart:prod, continuing
7 info lifecycle @raininglemons/react-infinity-grid@0.0.7~start:prod: @raininglemons/react-infinity-grid@0.0.7
8 verbose lifecycle @raininglemons/react-infinity-grid@0.0.7~start:prod: unsafe-perm in lifecycle true
9 verbose lifecycle @raininglemons/react-infinity-grid@0.0.7~start:prod: PATH: /usr/local/lib/node_modules/npm/bin/node-gyp-bin:/Users/dominicengland/WebstormProjects/infinity-grid/node_modules/.bin:/usr/local/bin:/usr/local/bin:/usr/bin:/bin:/usr/sbin:/sbin:/usr/local/MacGPG2/bin:/Users/dominicengland/.npm-packages/bin:/usr/local/apache-maven-3.2.5/bin:/usr/local/vault-cli-2.4.18/bin:/Users/dominicengland/bin:/usr/local/bin/mongo/bin
10 verbose lifecycle @raininglemons/react-infinity-grid@0.0.7~start:prod: CWD: /Users/dominicengland/WebstormProjects/infinity-grid
11 silly lifecycle @raininglemons/react-infinity-grid@0.0.7~start:prod: Args: [ '-c', 'npm run build && http-server -p 8080' ]
12 info lifecycle @raininglemons/react-infinity-grid@0.0.7~start:prod: Failed to exec start:prod script
13 verbose stack Error: @raininglemons/react-infinity-grid@0.0.7 start:prod: `npm run build && http-server -p 8080`
13 verbose stack spawn ENOENT
13 verbose stack     at ChildProcess.<anonymous> (/usr/local/lib/node_modules/npm/lib/utils/spawn.js:17:16)
13 verbose stack     at emitTwo (events.js:106:13)
13 verbose stack     at ChildProcess.emit (events.js:191:7)
13 verbose stack     at maybeClose (internal/child_process.js:850:16)
13 verbose stack     at Process.ChildProcess._handle.onexit (internal/child_process.js:215:5)
14 verbose pkgid @raininglemons/react-infinity-grid@0.0.7
15 verbose cwd /Users/dominicengland/WebstormProjects/infinity-grid
16 error Darwin 16.0.0
17 error argv "/usr/local/bin/node" "/usr/local/bin/npm" "run" "start:prod"
18 error node v6.2.0
19 error npm  v3.8.9
20 error file sh
21 error code ELIFECYCLE
22 error errno ENOENT
23 error syscall spawn
24 error @raininglemons/react-infinity-grid@0.0.7 start:prod: `npm run build && http-server -p 8080`
24 error spawn ENOENT
25 error Failed at the @raininglemons/react-infinity-grid@0.0.7 start:prod script 'npm run build && http-server -p 8080'.
25 error Make sure you have the latest version of node.js and npm installed.
25 error If you do, this is most likely a problem with the @raininglemons/react-infinity-grid package,
25 error not with npm itself.
25 error Tell the author that this fails on your system:
25 error     npm run build && http-server -p 8080
25 error You can get information on how to open an issue for this project with:
25 error     npm bugs @raininglemons/react-infinity-grid
25 error Or if that isn't available, you can get their info via:
25 error     npm owner ls @raininglemons/react-infinity-grid
25 error There is likely additional logging output above.
26 verbose exit [ 1, true ]
